{
  "timestamp": "2025-12-01T15:57:03.371237Z",
  "admin_number": "6597340223",
  "action": "ADD_ENTRY",
  "entry_details": {
    "doc_id": "admin_9e8d9f20f73e48cb9398b9b3b75f7824",
    "source_tag": "admin",
    "content": "xmas special 10dollars off",
    "content_preview": "xmas special 10dollars off"
  }
}

{
  "timestamp": "2025-12-01T15:57:36.676506Z",
  "admin_number": "6597340223",
  "action": "DELETE_ENTRY",
  "entry_details": {
    "deleted_doc_id": "admin_9e8d9f20f73e48cb9398b9b3b75f7824",
    "deleted_content": "xmas special 10dollars off",
    "deleted_metadata": {
      "source_file": "admin"
    }
  }
}

{
  "timestamp": "2025-12-18T09:56:06.497099Z",
  "admin_number": "6597340223",
  "action": "ADD_ENTRY",
  "entry_details": {
    "doc_id": "admin_bf88e19639384d9687b956e81fd13aa3",
    "source_tag": "admin",
    "content": "ADMIN_TEST_0af2fa4f: admin added content",
    "content_preview": "ADMIN_TEST_0af2fa4f: admin added content"
  }
}

